<?xml version="1.0" encoding="UTF-8"?>
<testsuite name="dev.mambo.lib.data.core.TaskRepositoryTest" tests="5" skipped="0" failures="0" errors="0" timestamp="2025-03-10T22:03:48" hostname="Mambos-MacBook-Pro.local" time="0.779">
  <properties/>
  <testcase name="createTask should add a new entry" classname="dev.mambo.lib.data.core.TaskRepositoryTest" time="0.758"/>
  <testcase name="deleteTask should remove an existing entry" classname="dev.mambo.lib.data.core.TaskRepositoryTest" time="0.011"/>
  <testcase name="getTasks should return a list of entries" classname="dev.mambo.lib.data.core.TaskRepositoryTest" time="0.003"/>
  <testcase name="getTask should return a single entry" classname="dev.mambo.lib.data.core.TaskRepositoryTest" time="0.004"/>
  <testcase name="updateTask should update an existing entry" classname="dev.mambo.lib.data.core.TaskRepositoryTest" time="0.003"/>
  <system-out><![CDATA[]]></system-out>
  <system-err><![CDATA[WARNING: A Java agent has been loaded dynamically (/Users/mambo/.gradle/caches/modules-2/files-2.1/net.bytebuddy/byte-buddy-agent/1.14.17/e3c251a39dc90badaf71c83427ba46840f219d8d/byte-buddy-agent-1.14.17.jar)
WARNING: If a serviceability tool is in use, please run with -XX:+EnableDynamicAgentLoading to hide this warning
WARNING: If a serviceability tool is not in use, please run with -Djdk.instrument.traceUsage for more information
WARNING: Dynamic loading of agents will be disallowed by default in a future release
]]></system-err>
</testsuite>
