<?xml version='1.0' encoding='UTF-8' ?>
<testsuite name="dev.mambo.lib.ui.presentation.screens.tasks.TasksScreenTest" tests="3" failures="0" errors="0" skipped="0" time="4.975" timestamp="2025-03-11T09:16:41" hostname="localhost">
  <properties>
    <property name="device" value="Pixel 6a - 15" />
    <property name="flavor" value="" />
    <property name="project" value=":modules-ui:presentation" />
  </properties>
  <testcase name="shouldShowValidErrorMessage_WhenGettingTasksFails" classname="dev.mambo.lib.ui.presentation.screens.tasks.TasksScreenTest" time="1.655" />
  <testcase name="shouldShowLoadingIndicator_WhenOnInitCalled" classname="dev.mambo.lib.ui.presentation.screens.tasks.TasksScreenTest" time="0.709" />
  <testcase name="shouldShowError_WhenGettingTasksFails" classname="dev.mambo.lib.ui.presentation.screens.tasks.TasksScreenTest" time="1.365" />
</testsuite>