<?xml version="1.0" encoding="UTF-8"?>
<testsuite name="dev.mambo.lib.ui.presentation.screens.tasks.TasksScreenModelTest" tests="3" skipped="0" failures="0" errors="0" timestamp="2025-03-10T23:42:15" hostname="Mambos-MacBook-Pro.local" time="0.693">
  <properties/>
  <testcase name="tasks returns a list of entries" classname="dev.mambo.lib.ui.presentation.screens.tasks.TasksScreenModelTest" time="0.689"/>
  <testcase name="onClickTask saves task in the screen's state" classname="dev.mambo.lib.ui.presentation.screens.tasks.TasksScreenModelTest" time="0.003"/>
  <testcase name="task state should be null on init" classname="dev.mambo.lib.ui.presentation.screens.tasks.TasksScreenModelTest" time="0.001"/>
  <system-out><![CDATA[]]></system-out>
  <system-err><![CDATA[WARNING: A Java agent has been loaded dynamically (/Users/mambo/.gradle/caches/modules-2/files-2.1/net.bytebuddy/byte-buddy-agent/1.14.17/e3c251a39dc90badaf71c83427ba46840f219d8d/byte-buddy-agent-1.14.17.jar)
WARNING: If a serviceability tool is in use, please run with -XX:+EnableDynamicAgentLoading to hide this warning
WARNING: If a serviceability tool is not in use, please run with -Djdk.instrument.traceUsage for more information
WARNING: Dynamic loading of agents will be disallowed by default in a future release
]]></system-err>
</testsuite>
